<?xml version="1.0" encoding="UTF-8"?>
<testng-results ignored="0" total="1" passed="1" failed="0" skipped="0">
  <reporter-output>
  </reporter-output>
  <suite started-at="2023-07-07T12:17:22 IST" name="Default suite" finished-at="2023-07-07T12:17:27 IST" duration-ms="4689">
    <groups>
    </groups>
    <test started-at="2023-07-07T12:17:22 IST" name="Default test" finished-at="2023-07-07T12:17:27 IST" duration-ms="4689">
      <class name="firsttestngproject.FirstTestNGFile">
        <test-method signature="verifyHomepageTitle()[pri:0, instance:firsttestngproject.FirstTestNGFile@74f0ea28]" started-at="2023-07-07T12:17:22 IST" name="verifyHomepageTitle" finished-at="2023-07-07T12:17:27 IST" duration-ms="4664" status="PASS">
          <reporter-output>
          </reporter-output>
        </test-method> <!-- verifyHomepageTitle -->
      </class> <!-- firsttestngproject.FirstTestNGFile -->
    </test> <!-- Default test -->
  </suite> <!-- Default suite -->
</testng-results>
