<?xml version="1.0" encoding="UTF-8"?>
<testng-results ignored="0" total="1" passed="1" failed="0" skipped="0">
  <reporter-output>
  </reporter-output>
  <suite started-at="2023-07-21T11:09:17 IST" name="Suite" finished-at="2023-07-21T11:09:26 IST" duration-ms="8103">
    <groups>
    </groups>
    <test started-at="2023-07-21T11:09:17 IST" name="Page Object Model Project" finished-at="2023-07-21T11:09:26 IST" duration-ms="8103">
      <class name="edureka.tests.RediffLoginTest">
        <test-method signature="init()[pri:0, instance:edureka.tests.RediffLoginTest@6db9f5a4]" started-at="2023-07-21T11:09:17 IST" name="init" finished-at="2023-07-21T11:09:26 IST" duration-ms="8084" status="PASS">
          <reporter-output>
          </reporter-output>
        </test-method> <!-- init -->
      </class> <!-- edureka.tests.RediffLoginTest -->
      <class name="edureka.tests.TestBase">
        <test-method is-config="true" signature="initialize()[pri:0, instance:edureka.tests.TestBase@3af9c5b7]" started-at="2023-07-21T11:09:16 IST" name="initialize" finished-at="2023-07-21T11:09:17 IST" duration-ms="1946" status="PASS">
          <reporter-output>
          </reporter-output>
        </test-method> <!-- initialize -->
        <test-method is-config="true" signature="TearDownTest()[pri:0, instance:edureka.tests.TestBase@3af9c5b7]" started-at="2023-07-21T11:09:26 IST" name="TearDownTest" finished-at="2023-07-21T11:09:26 IST" duration-ms="125" status="PASS">
          <reporter-output>
          </reporter-output>
        </test-method> <!-- TearDownTest -->
      </class> <!-- edureka.tests.TestBase -->
    </test> <!-- Page Object Model Project -->
  </suite> <!-- Suite -->
</testng-results>
