<?xml version="1.0" encoding="UTF-8"?>
<!-- Generated by org.testng.reporters.JUnitXMLReporter -->
<testsuite ignored="2" hostname="DESKTOP-M1PVVOC" failures="0" tests="1" name="Page Object Model Project" time="8.103" errors="0" timestamp="2023-07-21T11:09:26 IST">
  <testcase classname="edureka.tests.RediffLoginTest" name="init" time="8.084"/>
  <testcase classname="edureka.tests.TestBase" name="@BeforeSuite initialize" time="0.0">
    <ignored/>
  </testcase> <!-- @BeforeSuite initialize -->
  <testcase classname="edureka.tests.TestBase" name="@AfterSuite TearDownTest" time="0.0">
    <ignored/>
  </testcase> <!-- @AfterSuite TearDownTest -->
</testsuite> <!-- Page Object Model Project -->
